Using pre-set license
Built from '2020.3/china_unity/release' branch; Version is '2020.3.9f1c1 (ef65345766d1) revision 15689012'; Using compiler version '192528614'; Build Type 'Release'
OS: 'Windows 10 Pro; OS build 22000.376; Version 2009; 64bit' Language: 'zh' Physical Memory: 65404 MB
BatchMode: 1, IsHumanControllingUs: 0, StartBugReporterOnCrash: 0, Is64bit: 1, IsPro: 0

 COMMAND LINE ARGUMENTS:
C:\Program Files\Unity\Editor\Unity.exe
-adb2
-batchMode
-noUpm
-name
AssetImportWorker0
-projectPath
C:/Users/tiger/Documents/GitHub/ICS_169B_Project
-logFile
Logs/AssetImportWorker0.log
-srvPort
12557
Successfully changed project path to: C:/Users/tiger/Documents/GitHub/ICS_169B_Project
C:/Users/tiger/Documents/GitHub/ICS_169B_Project
Using Asset Import Pipeline V2.
Refreshing native plugins compatible for Editor in 40.74 ms, found 0 plugins.
Preloading 0 native plugins for Editor in 0.00 ms.
Initialize engine version: 2020.3.9f1c1 (ef65345766d1)
[Subsystems] Discovering subsystems at path C:/Program Files/Unity/Editor/Data/Resources/UnitySubsystems
[Subsystems] Discovering subsystems at path C:/Users/tiger/Documents/GitHub/ICS_169B_Project/Assets
GfxDevice: creating device client; threaded=0
Direct3D:
    Version:  Direct3D 11.0 [level 11.1]
    Renderer: NVIDIA GeForce RTX 3090 (ID=0x2204)
    Vendor:   
    VRAM:     24348 MB
    Driver:   30.0.14.9676
Initialize mono
Mono path[0] = 'C:/Program Files/Unity/Editor/Data/Managed'
Mono path[1] = 'C:/Program Files/Unity/Editor/Data/MonoBleedingEdge/lib/mono/unityjit'
Mono config path = 'C:/Program Files/Unity/Editor/Data/MonoBleedingEdge/etc'
Using monoOptions --debugger-agent=transport=dt_socket,embedding=1,server=y,suspend=n,address=127.0.0.1:56952
Begin MonoManager ReloadAssembly
Registering precompiled unity dll's ...
Register platform support module: C:/Program Files/Unity/Editor/Data/PlaybackEngines/WindowsStandaloneSupport/UnityEditor.WindowsStandalone.Extensions.dll
Registered in 0.001012 seconds.
Native extension for WindowsStandalone target not found
Refreshing native plugins compatible for Editor in 35.67 ms, found 0 plugins.
Preloading 0 native plugins for Editor in 0.00 ms.
Mono: successfully reloaded assembly
- Completed reload, in  0.617 seconds
Platform modules already initialized, skipping
Registering precompiled user dll's ...
Registered in 0.001333 seconds.
Begin MonoManager ReloadAssembly
Native extension for WindowsStandalone target not found
Refreshing native plugins compatible for Editor in 0.52 ms, found 0 plugins.
Preloading 0 native plugins for Editor in 0.00 ms.
Mono: successfully reloaded assembly
- Completed reload, in  0.684 seconds
Platform modules already initialized, skipping
========================================================================
Worker process is ready to serve import requests
Launched and connected shader compiler UnityShaderCompiler.exe after 0.02 seconds
Refreshing native plugins compatible for Editor in 0.51 ms, found 0 plugins.
Preloading 0 native plugins for Editor in 0.00 ms.
Unloading 1749 Unused Serialized files (Serialized files now loaded: 0)
System memory in use before: 89.0 MB.
System memory in use after: 89.1 MB.

Unloading 49 unused Assets to reduce memory usage. Loaded Objects now: 2180.
Total: 3.902900 ms (FindLiveObjects: 0.132700 ms CreateObjectMapping: 0.050900 ms MarkObjects: 3.657900 ms  DeleteObjects: 0.060600 ms)

========================================================================
Received Import Request.
  path: Assets/Scenes/END SCENE.unity
  artifactKey: Guid(2384133c3b832cf418285e0ad494b117) Importer(815301076,1909f56bfc062723c751e8b465ee728b)
Start importing Assets/Scenes/END SCENE.unity using Guid(2384133c3b832cf418285e0ad494b117) Importer(815301076,1909f56bfc062723c751e8b465ee728b)  -> (artifact id: 'fd82a39684eaefd0a0a716eb50943f9f') in 0.012710 seconds
  Import took 0.014720 seconds .

========================================================================
Received Import Request.
  Time since last request: 140.379687 seconds.
  path: Assets/Scripts/EndMenu
  artifactKey: Guid(733f50fac19bbea4a9d7d30e645a659d) Importer(815301076,1909f56bfc062723c751e8b465ee728b)
Start importing Assets/Scripts/EndMenu using Guid(733f50fac19bbea4a9d7d30e645a659d) Importer(815301076,1909f56bfc062723c751e8b465ee728b)  -> (artifact id: '6e7fd559c9d0d52e0a759e163df4330a') in 0.006490 seconds
  Import took 0.008874 seconds .

========================================================================
Received Prepare
Registering precompiled user dll's ...
Registered in 0.001276 seconds.
Begin MonoManager ReloadAssembly
Native extension for WindowsStandalone target not found
Refreshing native plugins compatible for Editor in 0.55 ms, found 0 plugins.
Preloading 0 native plugins for Editor in 0.00 ms.
Mono: successfully reloaded assembly
- Completed reload, in  0.635 seconds
Platform modules already initialized, skipping
Refreshing native plugins compatible for Editor in 0.54 ms, found 0 plugins.
Preloading 0 native plugins for Editor in 0.00 ms.
Unloading 1730 Unused Serialized files (Serialized files now loaded: 0)
System memory in use before: 87.6 MB.
System memory in use after: 87.7 MB.

Unloading 40 unused Assets to reduce memory usage. Loaded Objects now: 2183.
Total: 3.562400 ms (FindLiveObjects: 0.133700 ms CreateObjectMapping: 0.047800 ms MarkObjects: 3.365300 ms  DeleteObjects: 0.014900 ms)

========================================================================
Received Import Request.
  Time since last request: 60.977362 seconds.
  path: Assets/EndSceneManager.cs
  artifactKey: Guid(666152522adcd624ca036bea2f53750c) Importer(815301076,1909f56bfc062723c751e8b465ee728b)
Start importing Assets/EndSceneManager.cs using Guid(666152522adcd624ca036bea2f53750c) Importer(815301076,1909f56bfc062723c751e8b465ee728b)  -> (artifact id: 'd38eba6bc7dd1ccb338e022b360a6e58') in 0.018753 seconds
  Import took 0.020910 seconds .

========================================================================
Received Prepare
Registering precompiled user dll's ...
Registered in 0.001229 seconds.
Begin MonoManager ReloadAssembly
Native extension for WindowsStandalone target not found
Refreshing native plugins compatible for Editor in 0.54 ms, found 0 plugins.
Preloading 0 native plugins for Editor in 0.00 ms.
Mono: successfully reloaded assembly
- Completed reload, in  0.631 seconds
Platform modules already initialized, skipping
Refreshing native plugins compatible for Editor in 0.54 ms, found 0 plugins.
Preloading 0 native plugins for Editor in 0.00 ms.
Unloading 1730 Unused Serialized files (Serialized files now loaded: 0)
System memory in use before: 87.6 MB.
System memory in use after: 87.7 MB.

Unloading 40 unused Assets to reduce memory usage. Loaded Objects now: 2186.
Total: 3.666800 ms (FindLiveObjects: 0.140700 ms CreateObjectMapping: 0.049400 ms MarkObjects: 3.460700 ms  DeleteObjects: 0.015300 ms)

========================================================================
Received Prepare
Registering precompiled user dll's ...
Registered in 0.001152 seconds.
Begin MonoManager ReloadAssembly
Native extension for WindowsStandalone target not found
Refreshing native plugins compatible for Editor in 0.56 ms, found 0 plugins.
Preloading 0 native plugins for Editor in 0.00 ms.
Mono: successfully reloaded assembly
- Completed reload, in  0.611 seconds
Platform modules already initialized, skipping
Refreshing native plugins compatible for Editor in 0.53 ms, found 0 plugins.
Preloading 0 native plugins for Editor in 0.00 ms.
Unloading 1730 Unused Serialized files (Serialized files now loaded: 0)
System memory in use before: 87.6 MB.
System memory in use after: 87.7 MB.

Unloading 40 unused Assets to reduce memory usage. Loaded Objects now: 2189.
Total: 3.636700 ms (FindLiveObjects: 0.131100 ms CreateObjectMapping: 0.046800 ms MarkObjects: 3.441700 ms  DeleteObjects: 0.016300 ms)

========================================================================
Received Import Request.
  Time since last request: 46.438071 seconds.
  path: Assets/Scenes/Main.unity
  artifactKey: Guid(dfd7c28202e6b40c0b1df915720f04fb) Importer(815301076,1909f56bfc062723c751e8b465ee728b)
Start importing Assets/Scenes/Main.unity using Guid(dfd7c28202e6b40c0b1df915720f04fb) Importer(815301076,1909f56bfc062723c751e8b465ee728b)  -> (artifact id: '992340e73ffb5a4005fd236ef7d55083') in 0.016546 seconds
  Import took 0.018483 seconds .

========================================================================
Received Prepare
Registering precompiled user dll's ...
Registered in 0.001280 seconds.
Begin MonoManager ReloadAssembly
Native extension for WindowsStandalone target not found
Refreshing native plugins compatible for Editor in 0.55 ms, found 0 plugins.
Preloading 0 native plugins for Editor in 0.00 ms.
Mono: successfully reloaded assembly
- Completed reload, in  0.640 seconds
Platform modules already initialized, skipping
Refreshing native plugins compatible for Editor in 0.54 ms, found 0 plugins.
Preloading 0 native plugins for Editor in 0.00 ms.
Unloading 1730 Unused Serialized files (Serialized files now loaded: 0)
System memory in use before: 87.6 MB.
System memory in use after: 87.7 MB.

Unloading 40 unused Assets to reduce memory usage. Loaded Objects now: 2192.
Total: 3.691400 ms (FindLiveObjects: 0.144300 ms CreateObjectMapping: 0.053900 ms MarkObjects: 3.476800 ms  DeleteObjects: 0.015500 ms)

========================================================================
Received Import Request.
  Time since last request: 82.309483 seconds.
  path: Assets/Scenes/END SCENE.unity
  artifactKey: Guid(2384133c3b832cf418285e0ad494b117) Importer(815301076,1909f56bfc062723c751e8b465ee728b)
Start importing Assets/Scenes/END SCENE.unity using Guid(2384133c3b832cf418285e0ad494b117) Importer(815301076,1909f56bfc062723c751e8b465ee728b)  -> (artifact id: 'fd34cf4aea482f626946dd9ed3b71f07') in 0.009969 seconds
  Import took 0.012071 seconds .

========================================================================
Received Import Request.
  Time since last request: 161.059335 seconds.
  path: Assets/Scenes/InteractionScene.unity
  artifactKey: Guid(d96ac4461b89fe5429d333c309122b12) Importer(815301076,1909f56bfc062723c751e8b465ee728b)
Start importing Assets/Scenes/InteractionScene.unity using Guid(d96ac4461b89fe5429d333c309122b12) Importer(815301076,1909f56bfc062723c751e8b465ee728b)  -> (artifact id: 'efed7c96bad7b099fb5d84687151a174') in 0.006352 seconds
  Import took 0.008412 seconds .

========================================================================
Received Import Request.
  Time since last request: 129.761833 seconds.
  path: Assets/Scenes/Example Game.unity
  artifactKey: Guid(f3d1e8c3cbf4a104993b0a6d823c4a3e) Importer(815301076,1909f56bfc062723c751e8b465ee728b)
Start importing Assets/Scenes/Example Game.unity using Guid(f3d1e8c3cbf4a104993b0a6d823c4a3e) Importer(815301076,1909f56bfc062723c751e8b465ee728b)  -> (artifact id: '554a14989d6638a0c05b502b6275d164') in 0.006392 seconds
  Import took 0.008895 seconds .

========================================================================
Received Import Request.
  Time since last request: 46.977300 seconds.
  path: Assets/Scripts/Pieces/Bishop.cs
  artifactKey: Guid(eec5a0a4087b943028ce6350eab5e822) Importer(815301076,1909f56bfc062723c751e8b465ee728b)
Start importing Assets/Scripts/Pieces/Bishop.cs using Guid(eec5a0a4087b943028ce6350eab5e822) Importer(815301076,1909f56bfc062723c751e8b465ee728b)  -> (artifact id: '543ec3da3c19160f015780e0a2496aae') in 0.006971 seconds
  Import took 0.009122 seconds .

========================================================================
Received Import Request.
  Time since last request: 0.000407 seconds.
  path: Assets/Scripts/Pieces/Bishop.cs
  artifactKey: Guid(eec5a0a4087b943028ce6350eab5e822) Importer(815301076,1909f56bfc062723c751e8b465ee728b)
Start importing Assets/Scripts/Pieces/Bishop.cs using Guid(eec5a0a4087b943028ce6350eab5e822) Importer(815301076,1909f56bfc062723c751e8b465ee728b)  -> (artifact id: '543ec3da3c19160f015780e0a2496aae') in 0.002431 seconds
  Import took 0.004454 seconds .

========================================================================
Received Prepare
Registering precompiled user dll's ...
Registered in 0.001303 seconds.
Begin MonoManager ReloadAssembly
Native extension for WindowsStandalone target not found
Refreshing native plugins compatible for Editor in 0.54 ms, found 0 plugins.
Preloading 0 native plugins for Editor in 0.00 ms.
Mono: successfully reloaded assembly
- Completed reload, in  0.621 seconds
Platform modules already initialized, skipping
Refreshing native plugins compatible for Editor in 0.54 ms, found 0 plugins.
Preloading 0 native plugins for Editor in 0.00 ms.
Unloading 1730 Unused Serialized files (Serialized files now loaded: 0)
System memory in use before: 87.7 MB.
System memory in use after: 87.8 MB.

Unloading 40 unused Assets to reduce memory usage. Loaded Objects now: 2195.
Total: 3.700200 ms (FindLiveObjects: 0.132900 ms CreateObjectMapping: 0.046700 ms MarkObjects: 3.505300 ms  DeleteObjects: 0.014700 ms)

========================================================================
Received Import Request.
  Time since last request: 19.081227 seconds.
  path: Assets/Scripts/Mainscene/MoveSelector.cs
  artifactKey: Guid(69ccfe8c654294ec3a7a7cc1369e8c91) Importer(815301076,1909f56bfc062723c751e8b465ee728b)
Start importing Assets/Scripts/Mainscene/MoveSelector.cs using Guid(69ccfe8c654294ec3a7a7cc1369e8c91) Importer(815301076,1909f56bfc062723c751e8b465ee728b)  -> (artifact id: 'b0e865113a9f54ffc2877d93979cdab3') in 0.007262 seconds
  Import took 0.009465 seconds .

========================================================================
Received Import Request.
  Time since last request: 6.140276 seconds.
  path: Assets/Scripts/Mainscene/Player.cs
  artifactKey: Guid(79fb381de31fc4c0fa20244aedf0ad81) Importer(815301076,1909f56bfc062723c751e8b465ee728b)
Start importing Assets/Scripts/Mainscene/Player.cs using Guid(79fb381de31fc4c0fa20244aedf0ad81) Importer(815301076,1909f56bfc062723c751e8b465ee728b)  -> (artifact id: '21c38359b311cadda3dc620b98d162b9') in 0.006080 seconds
  Import took 0.008201 seconds .

========================================================================
Received Import Request.
  Time since last request: 0.001182 seconds.
  path: Assets/Scripts/Mainscene/Player.cs
  artifactKey: Guid(79fb381de31fc4c0fa20244aedf0ad81) Importer(815301076,1909f56bfc062723c751e8b465ee728b)
Start importing Assets/Scripts/Mainscene/Player.cs using Guid(79fb381de31fc4c0fa20244aedf0ad81) Importer(815301076,1909f56bfc062723c751e8b465ee728b)  -> (artifact id: '21c38359b311cadda3dc620b98d162b9') in 0.002426 seconds
  Import took 0.004385 seconds .

========================================================================
Received Import Request.
  Time since last request: 3.287167 seconds.
  path: Assets/Scripts/Mainscene/CameraMovement.cs
  artifactKey: Guid(0383dafbfa387d14096c1a08db6d1ce5) Importer(815301076,1909f56bfc062723c751e8b465ee728b)
Start importing Assets/Scripts/Mainscene/CameraMovement.cs using Guid(0383dafbfa387d14096c1a08db6d1ce5) Importer(815301076,1909f56bfc062723c751e8b465ee728b)  -> (artifact id: 'd30bfc889830d8eb5c749620d1cbc824') in 0.006258 seconds
  Import took 0.008370 seconds .

========================================================================
Received Import Request.
  Time since last request: 0.000545 seconds.
  path: Assets/Scripts/Mainscene/CameraMovement.cs
  artifactKey: Guid(0383dafbfa387d14096c1a08db6d1ce5) Importer(815301076,1909f56bfc062723c751e8b465ee728b)
Start importing Assets/Scripts/Mainscene/CameraMovement.cs using Guid(0383dafbfa387d14096c1a08db6d1ce5) Importer(815301076,1909f56bfc062723c751e8b465ee728b)  -> (artifact id: 'd30bfc889830d8eb5c749620d1cbc824') in 0.002065 seconds
  Import took 0.003903 seconds .

========================================================================
Received Import Request.
  Time since last request: 0.358432 seconds.
  path: Assets/Scripts/Mainscene/Board.cs
  artifactKey: Guid(1c2bdc2ddcf9444e79baeefcd40250d8) Importer(815301076,1909f56bfc062723c751e8b465ee728b)
Start importing Assets/Scripts/Mainscene/Board.cs using Guid(1c2bdc2ddcf9444e79baeefcd40250d8) Importer(815301076,1909f56bfc062723c751e8b465ee728b)  -> (artifact id: '4d7baca6fbec098ecf48d2bf0a44ba9f') in 0.002529 seconds
  Import took 0.004598 seconds .

========================================================================
Received Import Request.
  Time since last request: 4.453613 seconds.
  path: Assets/Scripts/Mainscene/GameManager.cs
  artifactKey: Guid(0467ea60d08c74bf09df7bda660533e7) Importer(815301076,1909f56bfc062723c751e8b465ee728b)
Start importing Assets/Scripts/Mainscene/GameManager.cs using Guid(0467ea60d08c74bf09df7bda660533e7) Importer(815301076,1909f56bfc062723c751e8b465ee728b)  -> (artifact id: 'aca4be84c7f245e7625e5bcbd6971b4a') in 0.005230 seconds
  Import took 0.007313 seconds .

========================================================================
Received Import Request.
  Time since last request: 0.001463 seconds.
  path: Assets/Scripts/Mainscene/GameManager.cs
  artifactKey: Guid(0467ea60d08c74bf09df7bda660533e7) Importer(815301076,1909f56bfc062723c751e8b465ee728b)
Start importing Assets/Scripts/Mainscene/GameManager.cs using Guid(0467ea60d08c74bf09df7bda660533e7) Importer(815301076,1909f56bfc062723c751e8b465ee728b)  -> (artifact id: 'aca4be84c7f245e7625e5bcbd6971b4a') in 0.001663 seconds
  Import took 0.003522 seconds .

========================================================================
Received Prepare
Registering precompiled user dll's ...
Registered in 0.001285 seconds.
Begin MonoManager ReloadAssembly
Native extension for WindowsStandalone target not found
Refreshing native plugins compatible for Editor in 0.54 ms, found 0 plugins.
Preloading 0 native plugins for Editor in 0.00 ms.
Mono: successfully reloaded assembly
- Completed reload, in  0.617 seconds
Platform modules already initialized, skipping
Refreshing native plugins compatible for Editor in 0.54 ms, found 0 plugins.
Preloading 0 native plugins for Editor in 0.00 ms.
Unloading 1730 Unused Serialized files (Serialized files now loaded: 0)
System memory in use before: 87.7 MB.
System memory in use after: 87.8 MB.

Unloading 40 unused Assets to reduce memory usage. Loaded Objects now: 2198.
Total: 3.775400 ms (FindLiveObjects: 0.161300 ms CreateObjectMapping: 0.049400 ms MarkObjects: 3.544600 ms  DeleteObjects: 0.019400 ms)

========================================================================
Received Prepare
Registering precompiled user dll's ...
Registered in 0.001208 seconds.
Begin MonoManager ReloadAssembly
Native extension for WindowsStandalone target not found
Refreshing native plugins compatible for Editor in 0.55 ms, found 0 plugins.
Preloading 0 native plugins for Editor in 0.00 ms.
Mono: successfully reloaded assembly
- Completed reload, in  0.631 seconds
Platform modules already initialized, skipping
Refreshing native plugins compatible for Editor in 0.54 ms, found 0 plugins.
Preloading 0 native plugins for Editor in 0.00 ms.
Unloading 1730 Unused Serialized files (Serialized files now loaded: 0)
System memory in use before: 87.7 MB.
System memory in use after: 87.8 MB.

Unloading 40 unused Assets to reduce memory usage. Loaded Objects now: 2201.
Total: 3.669700 ms (FindLiveObjects: 0.135300 ms CreateObjectMapping: 0.051000 ms MarkObjects: 3.468100 ms  DeleteObjects: 0.014600 ms)

========================================================================
Received Import Request.
  Time since last request: 579.977434 seconds.
  path: Assets/Scripts/Mainscene/PopUpSystem.cs
  artifactKey: Guid(56fc4ff67b7c0c044a1eee5acc1f07a4) Importer(815301076,1909f56bfc062723c751e8b465ee728b)
Start importing Assets/Scripts/Mainscene/PopUpSystem.cs using Guid(56fc4ff67b7c0c044a1eee5acc1f07a4) Importer(815301076,1909f56bfc062723c751e8b465ee728b)  -> (artifact id: 'fd5263f42e51cccbaf9ce2bcaa7240c5') in 0.008534 seconds
  Import took 0.011143 seconds .

========================================================================
Received Import Request.
  Time since last request: 0.000436 seconds.
  path: Assets/Scripts/Mainscene/PopUpSystem.cs
  artifactKey: Guid(56fc4ff67b7c0c044a1eee5acc1f07a4) Importer(815301076,1909f56bfc062723c751e8b465ee728b)
Start importing Assets/Scripts/Mainscene/PopUpSystem.cs using Guid(56fc4ff67b7c0c044a1eee5acc1f07a4) Importer(815301076,1909f56bfc062723c751e8b465ee728b)  -> (artifact id: 'fd5263f42e51cccbaf9ce2bcaa7240c5') in 0.001916 seconds
  Import took 0.003870 seconds .

========================================================================
Received Prepare
Registering precompiled user dll's ...
Registered in 0.001213 seconds.
Begin MonoManager ReloadAssembly
Native extension for WindowsStandalone target not found
Refreshing native plugins compatible for Editor in 0.64 ms, found 0 plugins.
Preloading 0 native plugins for Editor in 0.00 ms.
Mono: successfully reloaded assembly
- Completed reload, in  0.638 seconds
Platform modules already initialized, skipping
Refreshing native plugins compatible for Editor in 0.55 ms, found 0 plugins.
Preloading 0 native plugins for Editor in 0.00 ms.
Unloading 1731 Unused Serialized files (Serialized files now loaded: 0)
System memory in use before: 87.7 MB.
System memory in use after: 87.8 MB.

Unloading 40 unused Assets to reduce memory usage. Loaded Objects now: 2205.
Total: 3.680500 ms (FindLiveObjects: 0.146500 ms CreateObjectMapping: 0.051000 ms MarkObjects: 3.466300 ms  DeleteObjects: 0.016300 ms)

========================================================================
Received Import Request.
  Time since last request: 112.942608 seconds.
  path: Assets/Scripts/Mainscene/PopUpSystem.cs
  artifactKey: Guid(56fc4ff67b7c0c044a1eee5acc1f07a4) Importer(815301076,1909f56bfc062723c751e8b465ee728b)
Start importing Assets/Scripts/Mainscene/PopUpSystem.cs using Guid(56fc4ff67b7c0c044a1eee5acc1f07a4) Importer(815301076,1909f56bfc062723c751e8b465ee728b)  -> (artifact id: 'd94587dd53784e5596c0208d6b8c1fd0') in 0.003965 seconds
  Import took 0.006012 seconds .

========================================================================
Received Import Request.
  Time since last request: 673.562633 seconds.
  path: Assets/Scripts/Mainscene/GameManager.cs
  artifactKey: Guid(0467ea60d08c74bf09df7bda660533e7) Importer(815301076,1909f56bfc062723c751e8b465ee728b)
Start importing Assets/Scripts/Mainscene/GameManager.cs using Guid(0467ea60d08c74bf09df7bda660533e7) Importer(815301076,1909f56bfc062723c751e8b465ee728b)  -> (artifact id: '81f28de011f9ecd31c22f43b2b62f4a5') in 0.001995 seconds
  Import took 0.004395 seconds .

========================================================================
Received Import Request.
  Time since last request: 0.002257 seconds.
  path: Assets/Scripts/Mainscene/GameManager.cs
  artifactKey: Guid(0467ea60d08c74bf09df7bda660533e7) Importer(815301076,1909f56bfc062723c751e8b465ee728b)
Start importing Assets/Scripts/Mainscene/GameManager.cs using Guid(0467ea60d08c74bf09df7bda660533e7) Importer(815301076,1909f56bfc062723c751e8b465ee728b)  -> (artifact id: '81f28de011f9ecd31c22f43b2b62f4a5') in 0.001778 seconds
  Import took 0.004158 seconds .

========================================================================
Received Import Request.
  Time since last request: 109.948981 seconds.
  path: Assets/Scripts/Mainscene/GameManager.cs
  artifactKey: Guid(0467ea60d08c74bf09df7bda660533e7) Importer(815301076,1909f56bfc062723c751e8b465ee728b)
Start importing Assets/Scripts/Mainscene/GameManager.cs using Guid(0467ea60d08c74bf09df7bda660533e7) Importer(815301076,1909f56bfc062723c751e8b465ee728b)  -> (artifact id: 'cb24ea677f5b83f0252d8a4009158378') in 0.004206 seconds
  Import took 0.006256 seconds .

========================================================================
Received Import Request.
  Time since last request: 0.002989 seconds.
  path: Assets/Scripts/Mainscene/GameManager.cs
  artifactKey: Guid(0467ea60d08c74bf09df7bda660533e7) Importer(815301076,1909f56bfc062723c751e8b465ee728b)
Start importing Assets/Scripts/Mainscene/GameManager.cs using Guid(0467ea60d08c74bf09df7bda660533e7) Importer(815301076,1909f56bfc062723c751e8b465ee728b)  -> (artifact id: 'cb24ea677f5b83f0252d8a4009158378') in 0.001901 seconds
  Import took 0.003840 seconds .

========================================================================
Received Import Request.
  Time since last request: 4.942065 seconds.
  path: Assets/Scripts/Mainscene/PopUpSystem.cs
  artifactKey: Guid(56fc4ff67b7c0c044a1eee5acc1f07a4) Importer(815301076,1909f56bfc062723c751e8b465ee728b)
Start importing Assets/Scripts/Mainscene/PopUpSystem.cs using Guid(56fc4ff67b7c0c044a1eee5acc1f07a4) Importer(815301076,1909f56bfc062723c751e8b465ee728b)  -> (artifact id: 'fedb03ea06c4b3b29369ed685e74fc97') in 0.001907 seconds
  Import took 0.003971 seconds .

========================================================================
Received Prepare
Registering precompiled user dll's ...
Registered in 0.001270 seconds.
Begin MonoManager ReloadAssembly
Native extension for WindowsStandalone target not found
Refreshing native plugins compatible for Editor in 0.63 ms, found 0 plugins.
Preloading 0 native plugins for Editor in 0.00 ms.
Mono: successfully reloaded assembly
- Completed reload, in  0.613 seconds
Platform modules already initialized, skipping
Refreshing native plugins compatible for Editor in 0.54 ms, found 0 plugins.
Preloading 0 native plugins for Editor in 0.00 ms.
Unloading 1730 Unused Serialized files (Serialized files now loaded: 0)
System memory in use before: 87.7 MB.
System memory in use after: 87.8 MB.

Unloading 41 unused Assets to reduce memory usage. Loaded Objects now: 2207.
Total: 3.651200 ms (FindLiveObjects: 0.137400 ms CreateObjectMapping: 0.043900 ms MarkObjects: 3.450200 ms  DeleteObjects: 0.019100 ms)

========================================================================
Received Prepare
Registering precompiled user dll's ...
Registered in 0.001280 seconds.
Begin MonoManager ReloadAssembly
Native extension for WindowsStandalone target not found
Refreshing native plugins compatible for Editor in 0.54 ms, found 0 plugins.
Preloading 0 native plugins for Editor in 0.00 ms.
Mono: successfully reloaded assembly
- Completed reload, in  0.602 seconds
Platform modules already initialized, skipping
Refreshing native plugins compatible for Editor in 0.55 ms, found 0 plugins.
Preloading 0 native plugins for Editor in 0.00 ms.
Unloading 1730 Unused Serialized files (Serialized files now loaded: 0)
System memory in use before: 87.7 MB.
System memory in use after: 87.8 MB.

Unloading 40 unused Assets to reduce memory usage. Loaded Objects now: 2210.
Total: 3.761500 ms (FindLiveObjects: 0.134400 ms CreateObjectMapping: 0.046000 ms MarkObjects: 3.560700 ms  DeleteObjects: 0.019800 ms)

========================================================================
Received Prepare
Registering precompiled user dll's ...
Registered in 0.001358 seconds.
Begin MonoManager ReloadAssembly
Native extension for WindowsStandalone target not found
Refreshing native plugins compatible for Editor in 0.56 ms, found 0 plugins.
Preloading 0 native plugins for Editor in 0.00 ms.
Mono: successfully reloaded assembly
- Completed reload, in  0.623 seconds
Platform modules already initialized, skipping
Refreshing native plugins compatible for Editor in 0.54 ms, found 0 plugins.
Preloading 0 native plugins for Editor in 0.00 ms.
Unloading 1730 Unused Serialized files (Serialized files now loaded: 0)
System memory in use before: 87.7 MB.
System memory in use after: 87.8 MB.

Unloading 40 unused Assets to reduce memory usage. Loaded Objects now: 2213.
Total: 3.692900 ms (FindLiveObjects: 0.156300 ms CreateObjectMapping: 0.056700 ms MarkObjects: 3.463400 ms  DeleteObjects: 0.015700 ms)

========================================================================
Received Import Request.
  Time since last request: 43773.822862 seconds.
  path: Assets/DT Inventory Pro/DemoContent/Icons/screen_768x256_2020-02-07_12-23-40.png
  artifactKey: Guid(95907f09d72311a458a769e4aa39641f) Importer(815301076,1909f56bfc062723c751e8b465ee728b)
Start importing Assets/DT Inventory Pro/DemoContent/Icons/screen_768x256_2020-02-07_12-23-40.png using Guid(95907f09d72311a458a769e4aa39641f) Importer(815301076,1909f56bfc062723c751e8b465ee728b)  -> (artifact id: '591a19315a1330a0a09becd6e6badfd6') in 0.094098 seconds
  Import took 0.096725 seconds .

========================================================================
Received Import Request.
  Time since last request: 0.000128 seconds.
  path: Assets/Thaleah_PixelFont/Materials/Thaleah_DemoBackground.png
  artifactKey: Guid(b324a4685d480b346b084e8a5dbacbde) Importer(815301076,1909f56bfc062723c751e8b465ee728b)
Start importing Assets/Thaleah_PixelFont/Materials/Thaleah_DemoBackground.png using Guid(b324a4685d480b346b084e8a5dbacbde) Importer(815301076,1909f56bfc062723c751e8b465ee728b)  -> (artifact id: 'e54b2db6935387a9624eab7db5fe4c68') in 0.019077 seconds
  Import took 0.021096 seconds .

========================================================================
Received Import Request.
  Time since last request: 0.629132 seconds.
  path: Assets/DT Inventory Pro/DemoContent/Icons/screen_256x256_2020-02-07_12-27-40.png
  artifactKey: Guid(a1a08819864a6b241b9f05a0ea9c6d40) Importer(815301076,1909f56bfc062723c751e8b465ee728b)
Start importing Assets/DT Inventory Pro/DemoContent/Icons/screen_256x256_2020-02-07_12-27-40.png using Guid(a1a08819864a6b241b9f05a0ea9c6d40) Importer(815301076,1909f56bfc062723c751e8b465ee728b)  -> (artifact id: '7accf737eb1dac033558dbee413aafd9') in 0.017136 seconds
  Import took 0.019352 seconds .

========================================================================
Received Import Request.
  Time since last request: 1.125438 seconds.
  path: Assets/Sprites/Bar.png
  artifactKey: Guid(c8bbd02a88c2bbc41b7d7e50ec7b2aa7) Importer(815301076,1909f56bfc062723c751e8b465ee728b)
Start importing Assets/Sprites/Bar.png using Guid(c8bbd02a88c2bbc41b7d7e50ec7b2aa7) Importer(815301076,1909f56bfc062723c751e8b465ee728b)  -> (artifact id: '5ec7047ec8139fb46981220fc67ea77c') in 0.014069 seconds
  Import took 0.016251 seconds .

========================================================================
Received Import Request.
  Time since last request: 0.000128 seconds.
  path: Assets/Sprites/Heart.png
  artifactKey: Guid(9a8e023b5e66b0d478386a07d1627765) Importer(815301076,1909f56bfc062723c751e8b465ee728b)
Start importing Assets/Sprites/Heart.png using Guid(9a8e023b5e66b0d478386a07d1627765) Importer(815301076,1909f56bfc062723c751e8b465ee728b)  -> (artifact id: '92db1d43433ff2a4793642f7dc430266') in 0.015054 seconds
  Import took 0.017081 seconds .

========================================================================
Received Import Request.
  Time since last request: 443.101329 seconds.
  path: Assets/DT Inventory Pro/Canvas - with item tooltip.prefab
  artifactKey: Guid(e62fb581e68e15646ad2f46f2cae02cc) Importer(815301076,1909f56bfc062723c751e8b465ee728b)
Start importing Assets/DT Inventory Pro/Canvas - with item tooltip.prefab using Guid(e62fb581e68e15646ad2f46f2cae02cc) Importer(815301076,1909f56bfc062723c751e8b465ee728b)  -> (artifact id: '176ac6c97ae7067d1363c99eff6e52b5') in 0.023526 seconds
  Import took 0.026145 seconds .

========================================================================
Received Import Request.
  Time since last request: 0.000139 seconds.
  path: Assets/DT Inventory Pro/DemoPlayer.prefab
  artifactKey: Guid(3ba1d8370d50e62489e78ae0d95ac80c) Importer(815301076,1909f56bfc062723c751e8b465ee728b)
Start importing Assets/DT Inventory Pro/DemoPlayer.prefab using Guid(3ba1d8370d50e62489e78ae0d95ac80c) Importer(815301076,1909f56bfc062723c751e8b465ee728b)  -> (artifact id: 'dcaf786ac95bc1aef5f72c98da643463') in 0.008036 seconds
  Import took 0.010111 seconds .

========================================================================
Received Import Request.
  Time since last request: 7.708097 seconds.
  path: Assets/Fantasy Wooden GUI  Free/normal_ui_set A
  artifactKey: Guid(fb0793ba43ead8c4a89d62e19ce3e04e) Importer(815301076,1909f56bfc062723c751e8b465ee728b)
Start importing Assets/Fantasy Wooden GUI  Free/normal_ui_set A using Guid(fb0793ba43ead8c4a89d62e19ce3e04e) Importer(815301076,1909f56bfc062723c751e8b465ee728b)  -> (artifact id: 'b7569aa016201c5b7250d6736c84d377') in 0.005794 seconds
  Import took 0.007922 seconds .

========================================================================
Received Import Request.
  Time since last request: 0.689327 seconds.
  path: Assets/Fantasy Wooden GUI  Free/normal_ui_set A/Close Button.png
  artifactKey: Guid(11277a3f23988ec47908362d708edaa8) Importer(815301076,1909f56bfc062723c751e8b465ee728b)
Start importing Assets/Fantasy Wooden GUI  Free/normal_ui_set A/Close Button.png using Guid(11277a3f23988ec47908362d708edaa8) Importer(815301076,1909f56bfc062723c751e8b465ee728b)  -> (artifact id: 'f510fd8953ec0742b57cbc5448b18358') in 0.012560 seconds
  Import took 0.014734 seconds .

========================================================================
Received Import Request.
  Time since last request: 0.000156 seconds.
  path: Assets/Fantasy Wooden GUI  Free/normal_ui_set A/TextBTN_Big.png
  artifactKey: Guid(2be7b70e984b51444aca9c12ae4723a7) Importer(815301076,1909f56bfc062723c751e8b465ee728b)
Start importing Assets/Fantasy Wooden GUI  Free/normal_ui_set A/TextBTN_Big.png using Guid(2be7b70e984b51444aca9c12ae4723a7) Importer(815301076,1909f56bfc062723c751e8b465ee728b)  -> (artifact id: '3b95dc70c4761102486889f25995ca2b') in 0.012142 seconds
  Import took 0.014058 seconds .

========================================================================
Received Import Request.
  Time since last request: 0.000159 seconds.
  path: Assets/Fantasy Wooden GUI  Free/normal_ui_set A/UI board Small Set.png
  artifactKey: Guid(8eb69fafe4f719b49bb2dd1a7358aaaa) Importer(815301076,1909f56bfc062723c751e8b465ee728b)
Start importing Assets/Fantasy Wooden GUI  Free/normal_ui_set A/UI board Small Set.png using Guid(8eb69fafe4f719b49bb2dd1a7358aaaa) Importer(815301076,1909f56bfc062723c751e8b465ee728b)  -> (artifact id: '02bf9874d2cac2c61297955dd0fa4082') in 0.014035 seconds
  Import took 0.015975 seconds .

========================================================================
Received Import Request.
  Time since last request: 0.000126 seconds.
  path: Assets/Fantasy Wooden GUI  Free/normal_ui_set A/UI board Large stone.png
  artifactKey: Guid(7066e0747291df44fa5c2bf93bee3a6e) Importer(815301076,1909f56bfc062723c751e8b465ee728b)
Start importing Assets/Fantasy Wooden GUI  Free/normal_ui_set A/UI board Large stone.png using Guid(7066e0747291df44fa5c2bf93bee3a6e) Importer(815301076,1909f56bfc062723c751e8b465ee728b)  -> (artifact id: 'a5c338209b75905d80d011e05bf43d30') in 0.016041 seconds
  Import took 0.017952 seconds .

========================================================================
Received Import Request.
  Time since last request: 0.000154 seconds.
  path: Assets/Fantasy Wooden GUI  Free/normal_ui_set A/TextBTN_Cancel_Pressed.png
  artifactKey: Guid(9494e936ef153d148aaddfa6db5fb773) Importer(815301076,1909f56bfc062723c751e8b465ee728b)
Start importing Assets/Fantasy Wooden GUI  Free/normal_ui_set A/TextBTN_Cancel_Pressed.png using Guid(9494e936ef153d148aaddfa6db5fb773) Importer(815301076,1909f56bfc062723c751e8b465ee728b)  -> (artifact id: '4a7a1e0a15dba311023446deaaeeaefb') in 0.010604 seconds
  Import took 0.012616 seconds .

========================================================================
Received Import Request.
  Time since last request: 0.000122 seconds.
  path: Assets/Fantasy Wooden GUI  Free/normal_ui_set A/IRONY TITLE  empty.png
  artifactKey: Guid(4d6a99baee23b654f9e4bb672ae0b438) Importer(815301076,1909f56bfc062723c751e8b465ee728b)
Start importing Assets/Fantasy Wooden GUI  Free/normal_ui_set A/IRONY TITLE  empty.png using Guid(4d6a99baee23b654f9e4bb672ae0b438) Importer(815301076,1909f56bfc062723c751e8b465ee728b)  -> (artifact id: '15f333677d2dce32fc03dc422f7bebd8') in 0.011311 seconds
  Import took 0.013365 seconds .

========================================================================
Received Import Request.
  Time since last request: 0.000132 seconds.
  path: Assets/Fantasy Wooden GUI  Free/normal_ui_set A/UI board Medium Set.png
  artifactKey: Guid(1a5d8785d80a4ee42a2a4c8632436dc0) Importer(815301076,1909f56bfc062723c751e8b465ee728b)
Start importing Assets/Fantasy Wooden GUI  Free/normal_ui_set A/UI board Medium Set.png using Guid(1a5d8785d80a4ee42a2a4c8632436dc0) Importer(815301076,1909f56bfc062723c751e8b465ee728b)  -> (artifact id: 'f6ed2ad0272a9c88368f503a58fcecdb') in 0.014006 seconds
  Import took 0.016139 seconds .

========================================================================
Received Import Request.
  Time since last request: 0.000143 seconds.
  path: Assets/Fantasy Wooden GUI  Free/normal_ui_set A/notice.png
  artifactKey: Guid(86adaa715d8969e48975ca3343ddaedd) Importer(815301076,1909f56bfc062723c751e8b465ee728b)
Start importing Assets/Fantasy Wooden GUI  Free/normal_ui_set A/notice.png using Guid(86adaa715d8969e48975ca3343ddaedd) Importer(815301076,1909f56bfc062723c751e8b465ee728b)  -> (artifact id: '002ccffd166a6011484fb7af7b2c3e64') in 0.014034 seconds
  Import took 0.016118 seconds .

========================================================================
Received Import Request.
  Time since last request: 0.000135 seconds.
  path: Assets/Fantasy Wooden GUI  Free/normal_ui_set A/Exclamation_Yellow.png
  artifactKey: Guid(f26fa8880b3aeef4b8516c82dc12f2a5) Importer(815301076,1909f56bfc062723c751e8b465ee728b)
Start importing Assets/Fantasy Wooden GUI  Free/normal_ui_set A/Exclamation_Yellow.png using Guid(f26fa8880b3aeef4b8516c82dc12f2a5) Importer(815301076,1909f56bfc062723c751e8b465ee728b)  -> (artifact id: 'c635928dd6c45b2b0b08fed77e03e76a') in 0.013216 seconds
  Import took 0.015344 seconds .

========================================================================
Received Import Request.
  Time since last request: 0.000107 seconds.
  path: Assets/Fantasy Wooden GUI  Free/normal_ui_set A/Exclamation_Red.png
  artifactKey: Guid(e9d4143c19529834981ac6821a04aecd) Importer(815301076,1909f56bfc062723c751e8b465ee728b)
Start importing Assets/Fantasy Wooden GUI  Free/normal_ui_set A/Exclamation_Red.png using Guid(e9d4143c19529834981ac6821a04aecd) Importer(815301076,1909f56bfc062723c751e8b465ee728b)  -> (artifact id: '2919c40317eefe973d342f89164a3a5b') in 0.014139 seconds
  Import took 0.016161 seconds .

========================================================================
Received Import Request.
  Time since last request: 0.000121 seconds.
  path: Assets/Fantasy Wooden GUI  Free/normal_ui_set A/TextBTN_Medium_Pressed.png
  artifactKey: Guid(047b929beb10565479851d39b452dfb6) Importer(815301076,1909f56bfc062723c751e8b465ee728b)
Start importing Assets/Fantasy Wooden GUI  Free/normal_ui_set A/TextBTN_Medium_Pressed.png using Guid(047b929beb10565479851d39b452dfb6) Importer(815301076,1909f56bfc062723c751e8b465ee728b)  -> (artifact id: '21f8ae6857d288778af0f2f6a7af4775') in 0.015757 seconds
  Import took 0.017826 seconds .

========================================================================
Received Import Request.
  Time since last request: 0.000132 seconds.
  path: Assets/Fantasy Wooden GUI  Free/normal_ui_set A/TextBTN_New-Start.png
  artifactKey: Guid(ca45d178d188e034aa96a68aceeef41b) Importer(815301076,1909f56bfc062723c751e8b465ee728b)
Start importing Assets/Fantasy Wooden GUI  Free/normal_ui_set A/TextBTN_New-Start.png using Guid(ca45d178d188e034aa96a68aceeef41b) Importer(815301076,1909f56bfc062723c751e8b465ee728b)  -> (artifact id: '14b52e53844c78d6a5609db1a64e95a0') in 0.013678 seconds
  Import took 0.015790 seconds .

========================================================================
Received Import Request.
  Time since last request: 0.000126 seconds.
  path: Assets/Fantasy Wooden GUI  Free/normal_ui_set A/TextBTN_Cancel.png
  artifactKey: Guid(480144379cc9c7d47a8e19f58b0e6ee3) Importer(815301076,1909f56bfc062723c751e8b465ee728b)
Start importing Assets/Fantasy Wooden GUI  Free/normal_ui_set A/TextBTN_Cancel.png using Guid(480144379cc9c7d47a8e19f58b0e6ee3) Importer(815301076,1909f56bfc062723c751e8b465ee728b)  -> (artifact id: '5339b09558fbb32b2e46e4da01b82868') in 0.014542 seconds
  Import took 0.016540 seconds .

========================================================================
Received Import Request.
  Time since last request: 0.000114 seconds.
  path: Assets/Fantasy Wooden GUI  Free/normal_ui_set A/Exclamation_Gray.png
  artifactKey: Guid(f73f68fe6815f5548a6c2a61b9e49add) Importer(815301076,1909f56bfc062723c751e8b465ee728b)
Start importing Assets/Fantasy Wooden GUI  Free/normal_ui_set A/Exclamation_Gray.png using Guid(f73f68fe6815f5548a6c2a61b9e49add) Importer(815301076,1909f56bfc062723c751e8b465ee728b)  -> (artifact id: '631f8c87a53d15c9a3f65b6acce4c6dd') in 0.014344 seconds
  Import took 0.016304 seconds .

========================================================================
Received Import Request.
  Time since last request: 0.000122 seconds.
  path: Assets/Fantasy Wooden GUI  Free/normal_ui_set A/UI board Medium  parchment.png
  artifactKey: Guid(cf1462bc694c3c249831ad8ac5293aa2) Importer(815301076,1909f56bfc062723c751e8b465ee728b)
Start importing Assets/Fantasy Wooden GUI  Free/normal_ui_set A/UI board Medium  parchment.png using Guid(cf1462bc694c3c249831ad8ac5293aa2) Importer(815301076,1909f56bfc062723c751e8b465ee728b)  -> (artifact id: 'dc981e36d5070f3508ef1ffa339145cd') in 0.014382 seconds
  Import took 0.016352 seconds .

========================================================================
Received Import Request.
  Time since last request: 0.000124 seconds.
  path: Assets/Fantasy Wooden GUI  Free/normal_ui_set A/UI board Small  parchment.png
  artifactKey: Guid(a454050719005b444b59a84eaafba779) Importer(815301076,1909f56bfc062723c751e8b465ee728b)
Start importing Assets/Fantasy Wooden GUI  Free/normal_ui_set A/UI board Small  parchment.png using Guid(a454050719005b444b59a84eaafba779) Importer(815301076,1909f56bfc062723c751e8b465ee728b)  -> (artifact id: '4a43114d2552c5179f5f1188f36edf3e') in 0.015895 seconds
  Import took 0.017955 seconds .

========================================================================
Received Import Request.
  Time since last request: 0.000120 seconds.
  path: Assets/Fantasy Wooden GUI  Free/normal_ui_set A/TextBTN_Big_Pressed.png
  artifactKey: Guid(d6a1673a31851fd4395c287261da36e4) Importer(815301076,1909f56bfc062723c751e8b465ee728b)
Start importing Assets/Fantasy Wooden GUI  Free/normal_ui_set A/TextBTN_Big_Pressed.png using Guid(d6a1673a31851fd4395c287261da36e4) Importer(815301076,1909f56bfc062723c751e8b465ee728b)  -> (artifact id: 'd23529dc5c806c759615dab3ecd01b7e') in 0.020886 seconds
  Import took 0.022878 seconds .

========================================================================
Received Import Request.
  Time since last request: 0.000142 seconds.
  path: Assets/Fantasy Wooden GUI  Free/normal_ui_set A/Division line.png
  artifactKey: Guid(b7d245916891cca47a0144e12a82e086) Importer(815301076,1909f56bfc062723c751e8b465ee728b)
Start importing Assets/Fantasy Wooden GUI  Free/normal_ui_set A/Division line.png using Guid(b7d245916891cca47a0144e12a82e086) Importer(815301076,1909f56bfc062723c751e8b465ee728b)  -> (artifact id: 'c57caf38dafa95ed97430d6e3f584e98') in 0.012848 seconds
  Import took 0.014890 seconds .

========================================================================
Received Import Request.
  Time since last request: 0.000102 seconds.
  path: Assets/Fantasy Wooden GUI  Free/normal_ui_set A/UI board Large  parchment.png
  artifactKey: Guid(43a7d98bd4222b64e933596512dc09ad) Importer(815301076,1909f56bfc062723c751e8b465ee728b)
Start importing Assets/Fantasy Wooden GUI  Free/normal_ui_set A/UI board Large  parchment.png using Guid(43a7d98bd4222b64e933596512dc09ad) Importer(815301076,1909f56bfc062723c751e8b465ee728b)  -> (artifact id: '5b96460367b8355b6346f0f4ae484e52') in 0.015775 seconds
  Import took 0.017926 seconds .

========================================================================
Received Import Request.
  Time since last request: 0.000114 seconds.
  path: Assets/Fantasy Wooden GUI  Free/normal_ui_set A/UI board Medium stone.png
  artifactKey: Guid(9a6560e5bacb40847bb1b879ede354fb) Importer(815301076,1909f56bfc062723c751e8b465ee728b)
Start importing Assets/Fantasy Wooden GUI  Free/normal_ui_set A/UI board Medium stone.png using Guid(9a6560e5bacb40847bb1b879ede354fb) Importer(815301076,1909f56bfc062723c751e8b465ee728b)  -> (artifact id: '54bab3a3cfc90a2180fc269c76c7242b') in 0.016256 seconds
  Import took 0.018228 seconds .

========================================================================
Received Import Request.
  Time since last request: 0.000156 seconds.
  path: Assets/Fantasy Wooden GUI  Free/normal_ui_set A/IRONY TITLE  Large.png
  artifactKey: Guid(054411784c3fdf74d9db120b4a792a71) Importer(815301076,1909f56bfc062723c751e8b465ee728b)
Start importing Assets/Fantasy Wooden GUI  Free/normal_ui_set A/IRONY TITLE  Large.png using Guid(054411784c3fdf74d9db120b4a792a71) Importer(815301076,1909f56bfc062723c751e8b465ee728b)  -> (artifact id: '74feb65c8fbbc84ad81a9d650d5654c9') in 0.014105 seconds
  Import took 0.016084 seconds .

========================================================================
Received Import Request.
  Time since last request: 0.000118 seconds.
  path: Assets/Fantasy Wooden GUI  Free/normal_ui_set A/TextBTN_New-Start_Pressed.png
  artifactKey: Guid(2e5f47e2f71128f4282c0a4a67288751) Importer(815301076,1909f56bfc062723c751e8b465ee728b)
Start importing Assets/Fantasy Wooden GUI  Free/normal_ui_set A/TextBTN_New-Start_Pressed.png using Guid(2e5f47e2f71128f4282c0a4a67288751) Importer(815301076,1909f56bfc062723c751e8b465ee728b)  -> (artifact id: 'cf6b98e042295c6a921b91c35e424865') in 0.013395 seconds
  Import took 0.015419 seconds .

========================================================================
Received Import Request.
  Time since last request: 0.000119 seconds.
  path: Assets/Fantasy Wooden GUI  Free/normal_ui_set A/UI board Large Set.png
  artifactKey: Guid(90a2dde0942123c4ebb9c4af580c5818) Importer(815301076,1909f56bfc062723c751e8b465ee728b)
Start importing Assets/Fantasy Wooden GUI  Free/normal_ui_set A/UI board Large Set.png using Guid(90a2dde0942123c4ebb9c4af580c5818) Importer(815301076,1909f56bfc062723c751e8b465ee728b)  -> (artifact id: '9b6e7ad6b14d6a5cc7f911ba04c83007') in 0.017058 seconds
  Import took 0.019088 seconds .

========================================================================
Received Import Request.
  Time since last request: 0.000130 seconds.
  path: Assets/Fantasy Wooden GUI  Free/normal_ui_set A/TextBTN_Medium.png
  artifactKey: Guid(efee20b64d1e73942a29ba61ce3379c3) Importer(815301076,1909f56bfc062723c751e8b465ee728b)
Start importing Assets/Fantasy Wooden GUI  Free/normal_ui_set A/TextBTN_Medium.png using Guid(efee20b64d1e73942a29ba61ce3379c3) Importer(815301076,1909f56bfc062723c751e8b465ee728b)  -> (artifact id: '954454508c31ae9b4f2b23e6eb962753') in 0.012356 seconds
  Import took 0.014405 seconds .

========================================================================
Received Import Request.
  Time since last request: 0.000117 seconds.
  path: Assets/Fantasy Wooden GUI  Free/normal_ui_set A/UI board Small  stone.png
  artifactKey: Guid(8dd861a6e819de241bca68a36048a6bd) Importer(815301076,1909f56bfc062723c751e8b465ee728b)
Start importing Assets/Fantasy Wooden GUI  Free/normal_ui_set A/UI board Small  stone.png using Guid(8dd861a6e819de241bca68a36048a6bd) Importer(815301076,1909f56bfc062723c751e8b465ee728b)  -> (artifact id: '4edc9d480d3a2eeb5050b58c0f8bb567') in 0.023955 seconds
  Import took 0.025963 seconds .

========================================================================
Received Import Request.
  Time since last request: 53.260949 seconds.
  path: Assets/TextMesh Pro/Examples & Extras/Fonts/Oswald-Bold.ttf
  artifactKey: Guid(c9f6d0e7bc8541498c9a4799ba184ede) Importer(815301076,1909f56bfc062723c751e8b465ee728b)
Start importing Assets/TextMesh Pro/Examples & Extras/Fonts/Oswald-Bold.ttf using Guid(c9f6d0e7bc8541498c9a4799ba184ede) Importer(815301076,1909f56bfc062723c751e8b465ee728b)  -> (artifact id: '740de3a55449ae29278bc26320479fcc') in 0.065514 seconds
  Import took 0.067725 seconds .

========================================================================
Received Import Request.
  Time since last request: 0.000120 seconds.
  path: Assets/TextMesh Pro/Examples & Extras/Fonts/Roboto-Bold.ttf
  artifactKey: Guid(4beb055f07aaff244873dec698d0363e) Importer(815301076,1909f56bfc062723c751e8b465ee728b)
Start importing Assets/TextMesh Pro/Examples & Extras/Fonts/Roboto-Bold.ttf using Guid(4beb055f07aaff244873dec698d0363e) Importer(815301076,1909f56bfc062723c751e8b465ee728b)  -> (artifact id: 'f5eb62bdb1f6678920370052afa06ba7') in 0.014712 seconds
  Import took 0.016725 seconds .

========================================================================
Received Import Request.
  Time since last request: 0.000128 seconds.
  path: Assets/TextMesh Pro/Examples & Extras/Fonts/Oswald-Bold.ttf
  artifactKey: Guid(c9f6d0e7bc8541498c9a4799ba184ede) Importer(815301076,1909f56bfc062723c751e8b465ee728b)
Start importing Assets/TextMesh Pro/Examples & Extras/Fonts/Oswald-Bold.ttf using Guid(c9f6d0e7bc8541498c9a4799ba184ede) Importer(815301076,1909f56bfc062723c751e8b465ee728b)  -> (artifact id: '740de3a55449ae29278bc26320479fcc') in 0.008505 seconds
  Import took 0.010556 seconds .

========================================================================
Received Import Request.
  Time since last request: 0.000135 seconds.
  path: Assets/Thaleah_PixelFont/ThaleahFat.fontsettings
  artifactKey: Guid(652f7165b7c30ab46af6c4aad90a639b) Importer(815301076,1909f56bfc062723c751e8b465ee728b)
Start importing Assets/Thaleah_PixelFont/ThaleahFat.fontsettings using Guid(652f7165b7c30ab46af6c4aad90a639b) Importer(815301076,1909f56bfc062723c751e8b465ee728b)  -> (artifact id: '1c537616541bfe125b15e4120b1d9277') in 0.012279 seconds
  Import took 0.014287 seconds .

========================================================================
Received Import Request.
  Time since last request: 0.000119 seconds.
  path: Assets/TextMesh Pro/Examples & Extras/Fonts/Roboto-Bold.ttf
  artifactKey: Guid(4beb055f07aaff244873dec698d0363e) Importer(815301076,1909f56bfc062723c751e8b465ee728b)
Start importing Assets/TextMesh Pro/Examples & Extras/Fonts/Roboto-Bold.ttf using Guid(4beb055f07aaff244873dec698d0363e) Importer(815301076,1909f56bfc062723c751e8b465ee728b)  -> (artifact id: 'f5eb62bdb1f6678920370052afa06ba7') in 0.009650 seconds
  Import took 0.011864 seconds .

========================================================================
Received Import Request.
  Time since last request: 0.000133 seconds.
  path: Assets/Thaleah_PixelFont/Materials/ThaleahFat_TTF.ttf
  artifactKey: Guid(585188cdc4600544eb408bee749e4b3a) Importer(815301076,1909f56bfc062723c751e8b465ee728b)
Start importing Assets/Thaleah_PixelFont/Materials/ThaleahFat_TTF.ttf using Guid(585188cdc4600544eb408bee749e4b3a) Importer(815301076,1909f56bfc062723c751e8b465ee728b)  -> (artifact id: 'eb8720bcebf7c1e8bb358f78789b3144') in 0.023356 seconds
  Import took 0.025547 seconds .

========================================================================
Received Import Request.
  Time since last request: 103.910665 seconds.
  path: Assets/Fantasy Wooden GUI  Free
  artifactKey: Guid(620e96611bcae6844af4a70055ce21e8) Importer(815301076,1909f56bfc062723c751e8b465ee728b)
Start importing Assets/Fantasy Wooden GUI  Free using Guid(620e96611bcae6844af4a70055ce21e8) Importer(815301076,1909f56bfc062723c751e8b465ee728b)  -> (artifact id: 'b131b73e4fa7e525d370ec598d59de4c') in 0.005594 seconds
  Import took 0.007732 seconds .

========================================================================
Received Import Request.
  Time since last request: 47.138957 seconds.
  path: Assets/TextMesh Pro/Examples & Extras/Fonts/Bangers.ttf
  artifactKey: Guid(5dd49b3eacc540408c98eee0de38e0f1) Importer(815301076,1909f56bfc062723c751e8b465ee728b)
Start importing Assets/TextMesh Pro/Examples & Extras/Fonts/Bangers.ttf using Guid(5dd49b3eacc540408c98eee0de38e0f1) Importer(815301076,1909f56bfc062723c751e8b465ee728b)  -> (artifact id: '287978acc725e2e6afb4e562d33d9065') in 0.015240 seconds
  Import took 0.017460 seconds .

========================================================================
Received Import Request.
  Time since last request: 0.000114 seconds.
  path: Assets/TextMesh Pro/Examples & Extras/Fonts/Electronic Highway Sign.TTF
  artifactKey: Guid(8a2b9e2a607dd2143b58c44bc32410b4) Importer(815301076,1909f56bfc062723c751e8b465ee728b)
Start importing Assets/TextMesh Pro/Examples & Extras/Fonts/Electronic Highway Sign.TTF using Guid(8a2b9e2a607dd2143b58c44bc32410b4) Importer(815301076,1909f56bfc062723c751e8b465ee728b)  -> (artifact id: 'c8b1f05ff8f6fbfc3beeb8a5094ddca3') in 0.016460 seconds
  Import took 0.018580 seconds .

========================================================================
Received Import Request.
  Time since last request: 0.000127 seconds.
  path: Assets/TextMesh Pro/Examples & Extras/Fonts/Anton.ttf
  artifactKey: Guid(997a43b767814dd0a7642ec9b78cba41) Importer(815301076,1909f56bfc062723c751e8b465ee728b)
Start importing Assets/TextMesh Pro/Examples & Extras/Fonts/Anton.ttf using Guid(997a43b767814dd0a7642ec9b78cba41) Importer(815301076,1909f56bfc062723c751e8b465ee728b)  -> (artifact id: 'b2f3fed9213a1ccefa6ae6581444a8f2') in 0.020967 seconds
  Import took 0.023177 seconds .

========================================================================
Received Import Request.
  Time since last request: 164.175542 seconds.
  path: Assets/TextMesh Pro/Examples & Extras/Resources/Fonts & Materials/Anton SDF - Drop Shadow.mat
  artifactKey: Guid(749b9069dc4742c5bfa5c74644049926) Importer(815301076,1909f56bfc062723c751e8b465ee728b)
Start importing Assets/TextMesh Pro/Examples & Extras/Resources/Fonts & Materials/Anton SDF - Drop Shadow.mat using Guid(749b9069dc4742c5bfa5c74644049926) Importer(815301076,1909f56bfc062723c751e8b465ee728b)  -> (artifact id: '2f5f62985db23ee76a099c5662db1705') in 0.026337 seconds
  Import took 0.028980 seconds .

========================================================================
Received Import Request.
  Time since last request: 0.000168 seconds.
  path: Assets/TextMesh Pro/Examples & Extras/Resources/Fonts & Materials/Anton SDF.asset
  artifactKey: Guid(8a89fa14b10d46a99122fd4f73fca9a2) Importer(815301076,1909f56bfc062723c751e8b465ee728b)
Start importing Assets/TextMesh Pro/Examples & Extras/Resources/Fonts & Materials/Anton SDF.asset using Guid(8a89fa14b10d46a99122fd4f73fca9a2) Importer(815301076,1909f56bfc062723c751e8b465ee728b)  -> (artifact id: 'e980157829e9eae58dad5b4ad0c81b73') in 0.045466 seconds
  Import took 0.047630 seconds .

========================================================================
Received Import Request.
  Time since last request: 0.000145 seconds.
  path: Assets/TextMesh Pro/Examples & Extras/Resources/Fonts & Materials/Electronic Highway Sign SDF.asset
  artifactKey: Guid(dc36b3fdc14f47ebb36fd484a67e268a) Importer(815301076,1909f56bfc062723c751e8b465ee728b)
Start importing Assets/TextMesh Pro/Examples & Extras/Resources/Fonts & Materials/Electronic Highway Sign SDF.asset using Guid(dc36b3fdc14f47ebb36fd484a67e268a) Importer(815301076,1909f56bfc062723c751e8b465ee728b)  -> (artifact id: '79d7193a62cad60e69523a156734da0b') in 0.029359 seconds
  Import took 0.031525 seconds .

========================================================================
Received Import Request.
  Time since last request: 0.000125 seconds.
  path: Assets/TextMesh Pro/Examples & Extras/Resources/Fonts & Materials/LiberationSans SDF - Overlay.mat
  artifactKey: Guid(9ad269c99dcf42b7aedefd83dd5a7b9d) Importer(815301076,1909f56bfc062723c751e8b465ee728b)
Start importing Assets/TextMesh Pro/Examples & Extras/Resources/Fonts & Materials/LiberationSans SDF - Overlay.mat using Guid(9ad269c99dcf42b7aedefd83dd5a7b9d) Importer(815301076,1909f56bfc062723c751e8b465ee728b)  -> (artifact id: '46b0995944d6e35a2b79adb0431dfe8b') in 0.015208 seconds
  Import took 0.017222 seconds .

========================================================================
Received Import Request.
  Time since last request: 0.000130 seconds.
  path: Assets/TextMesh Pro/Examples & Extras/Resources/Fonts & Materials/Roboto-Bold SDF - Drop Shadow.mat
  artifactKey: Guid(b246c4190f4e46ec9352fe15a7b09ce0) Importer(815301076,1909f56bfc062723c751e8b465ee728b)
Start importing Assets/TextMesh Pro/Examples & Extras/Resources/Fonts & Materials/Roboto-Bold SDF - Drop Shadow.mat using Guid(b246c4190f4e46ec9352fe15a7b09ce0) Importer(815301076,1909f56bfc062723c751e8b465ee728b)  -> (artifact id: 'f1a84fd95370bcaaf27155830a746827') in 0.014733 seconds
  Import took 0.016795 seconds .

========================================================================
Received Import Request.
  Time since last request: 0.000119 seconds.
  path: Assets/TextMesh Pro/Examples & Extras/Resources/Fonts & Materials/Bangers SDF - Outline.mat
  artifactKey: Guid(f629c6e43dba4bf38cb74d8860150664) Importer(815301076,1909f56bfc062723c751e8b465ee728b)
Start importing Assets/TextMesh Pro/Examples & Extras/Resources/Fonts & Materials/Bangers SDF - Outline.mat using Guid(f629c6e43dba4bf38cb74d8860150664) Importer(815301076,1909f56bfc062723c751e8b465ee728b)  -> (artifact id: '4679cfa943babcf2e899339bf37be547') in 0.014632 seconds
  Import took 0.016731 seconds .

========================================================================
Received Import Request.
  Time since last request: 0.000137 seconds.
  path: Assets/TextMesh Pro/Examples & Extras/Resources/Fonts & Materials/Anton SDF - Sunny Days.mat
  artifactKey: Guid(6522f30e342599e4e9dd4cc2cc03c830) Importer(815301076,1909f56bfc062723c751e8b465ee728b)
Start importing Assets/TextMesh Pro/Examples & Extras/Resources/Fonts & Materials/Anton SDF - Sunny Days.mat using Guid(6522f30e342599e4e9dd4cc2cc03c830) Importer(815301076,1909f56bfc062723c751e8b465ee728b)  -> (artifact id: '2b4b3bb17d81f844cc1bc83169a9697a') in 0.023324 seconds
  Import took 0.025450 seconds .

========================================================================
Received Import Request.
  Time since last request: 0.000179 seconds.
  path: Assets/TextMesh Pro/Examples & Extras/Resources/Fonts & Materials/Bangers SDF.asset
  artifactKey: Guid(125cb55b44b24c4393181402bc6200e6) Importer(815301076,1909f56bfc062723c751e8b465ee728b)
Start importing Assets/TextMesh Pro/Examples & Extras/Resources/Fonts & Materials/Bangers SDF.asset using Guid(125cb55b44b24c4393181402bc6200e6) Importer(815301076,1909f56bfc062723c751e8b465ee728b)  -> (artifact id: 'ef29c4ca34d686f87dc8e17cf43b25fd') in 0.020345 seconds
  Import took 0.022480 seconds .

========================================================================
Received Import Request.
  Time since last request: 0.000124 seconds.
  path: Assets/TextMesh Pro/Examples & Extras/Resources/Fonts & Materials/Bangers SDF - Drop Shadow.mat
  artifactKey: Guid(f2dcf029949142e28b974630369c8b4e) Importer(815301076,1909f56bfc062723c751e8b465ee728b)
Start importing Assets/TextMesh Pro/Examples & Extras/Resources/Fonts & Materials/Bangers SDF - Drop Shadow.mat using Guid(f2dcf029949142e28b974630369c8b4e) Importer(815301076,1909f56bfc062723c751e8b465ee728b)  -> (artifact id: '09d429fa8d069536d0fe27da71296c94') in 0.015661 seconds
  Import took 0.017718 seconds .

========================================================================
Received Import Request.
  Time since last request: 0.000125 seconds.
  path: Assets/TextMesh Pro/Examples & Extras/Resources/Fonts & Materials/Bangers SDF Glow.mat
  artifactKey: Guid(d75b8f41e959450c84ac6e967084d3e1) Importer(815301076,1909f56bfc062723c751e8b465ee728b)
Start importing Assets/TextMesh Pro/Examples & Extras/Resources/Fonts & Materials/Bangers SDF Glow.mat using Guid(d75b8f41e959450c84ac6e967084d3e1) Importer(815301076,1909f56bfc062723c751e8b465ee728b)  -> (artifact id: '67ace0c32981ae21571482f215c7ae7f') in 0.029646 seconds
  Import took 0.031706 seconds .

========================================================================
Received Import Request.
  Time since last request: 0.000133 seconds.
  path: Assets/TextMesh Pro/Examples & Extras/Resources/Fonts & Materials/Anton SDF - Outline.mat
  artifactKey: Guid(a00013af81304728b2be1f4309ee2433) Importer(815301076,1909f56bfc062723c751e8b465ee728b)
Start importing Assets/TextMesh Pro/Examples & Extras/Resources/Fonts & Materials/Anton SDF - Outline.mat using Guid(a00013af81304728b2be1f4309ee2433) Importer(815301076,1909f56bfc062723c751e8b465ee728b)  -> (artifact id: 'cd6646960631d1b73778b1bf160bab52') in 0.023339 seconds
  Import took 0.025435 seconds .

========================================================================
Received Import Request.
  Time since last request: 0.000117 seconds.
  path: Assets/TextMesh Pro/Examples & Extras/Resources/Fonts & Materials/Roboto-Bold SDF.asset
  artifactKey: Guid(5302535af1044152a457ed104f1f4b91) Importer(815301076,1909f56bfc062723c751e8b465ee728b)
Start importing Assets/TextMesh Pro/Examples & Extras/Resources/Fonts & Materials/Roboto-Bold SDF.asset using Guid(5302535af1044152a457ed104f1f4b91) Importer(815301076,1909f56bfc062723c751e8b465ee728b)  -> (artifact id: '03c59274799776af5eee4dbb75b0aa5f') in 0.017480 seconds
  Import took 0.019613 seconds .

========================================================================
Received Import Request.
  Time since last request: 0.000123 seconds.
  path: Assets/TextMesh Pro/Examples & Extras/Resources/Fonts & Materials/Bangers SDF Logo.mat
  artifactKey: Guid(f4e195ac1e204eff960149d1cb34e18c) Importer(815301076,1909f56bfc062723c751e8b465ee728b)
Start importing Assets/TextMesh Pro/Examples & Extras/Resources/Fonts & Materials/Bangers SDF Logo.mat using Guid(f4e195ac1e204eff960149d1cb34e18c) Importer(815301076,1909f56bfc062723c751e8b465ee728b)  -> (artifact id: 'b111d7731ca511724c1d13dd77f67fe6') in 0.054383 seconds
  Import took 0.056483 seconds .

========================================================================
Received Import Request.
  Time since last request: 0.000131 seconds.
  path: Assets/TextMesh Pro/Examples & Extras/Resources/Fonts & Materials/Oswald Bold SDF.asset
  artifactKey: Guid(0161d805a3764c089bef00bfe00793f5) Importer(815301076,1909f56bfc062723c751e8b465ee728b)
Start importing Assets/TextMesh Pro/Examples & Extras/Resources/Fonts & Materials/Oswald Bold SDF.asset using Guid(0161d805a3764c089bef00bfe00793f5) Importer(815301076,1909f56bfc062723c751e8b465ee728b)  -> (artifact id: 'd83d843b8f181cbab5108a5fa9e13e97') in 0.014795 seconds
  Import took 0.016904 seconds .

========================================================================
Received Import Request.
  Time since last request: 0.000120 seconds.
  path: Assets/TextMesh Pro/Examples & Extras/Resources/Fonts & Materials/LiberationSans SDF - Metalic Green.mat
  artifactKey: Guid(8b29aaa3eec7468097ff07adfcf29ac9) Importer(815301076,1909f56bfc062723c751e8b465ee728b)
Start importing Assets/TextMesh Pro/Examples & Extras/Resources/Fonts & Materials/LiberationSans SDF - Metalic Green.mat using Guid(8b29aaa3eec7468097ff07adfcf29ac9) Importer(815301076,1909f56bfc062723c751e8b465ee728b)  -> (artifact id: '9a5990eb451bb22ca0803a8f3d73a60b') in 0.029561 seconds
  Import took 0.031634 seconds .

========================================================================
Received Import Request.
  Time since last request: 0.000117 seconds.
  path: Assets/TextMesh Pro/Examples & Extras/Resources/Fonts & Materials/Roboto-Bold SDF - Surface.mat
  artifactKey: Guid(e6b276ec991f467aa14ef1f3cc665993) Importer(815301076,1909f56bfc062723c751e8b465ee728b)
Start importing Assets/TextMesh Pro/Examples & Extras/Resources/Fonts & Materials/Roboto-Bold SDF - Surface.mat using Guid(e6b276ec991f467aa14ef1f3cc665993) Importer(815301076,1909f56bfc062723c751e8b465ee728b)  -> (artifact id: 'aa2dd7a81fa5d549fd9ca0d8ded55479') in 0.016379 seconds
  Import took 0.018388 seconds .

========================================================================
Received Import Request.
  Time since last request: 0.000121 seconds.
  path: Assets/TextMesh Pro/Examples & Extras/Resources/Fonts & Materials/LiberationSans SDF - Soft Mask.mat
  artifactKey: Guid(42df1c7856584b6b8db9a509b6b10074) Importer(815301076,1909f56bfc062723c751e8b465ee728b)
Start importing Assets/TextMesh Pro/Examples & Extras/Resources/Fonts & Materials/LiberationSans SDF - Soft Mask.mat using Guid(42df1c7856584b6b8db9a509b6b10074) Importer(815301076,1909f56bfc062723c751e8b465ee728b)  -> (artifact id: 'c5bde660c21c515cd698c5ae25c2a7c4') in 0.021523 seconds
  Import took 0.023695 seconds .

